{"timestamp": "2025-09-17T18:33:49.122495+00:00", "level": "INFO", "logger": "app", "module": "messages", "line": 18, "message": "\u041f\u043e\u043b\u0443\u0447\u0438\u043b: Bearer eyJhbGciOiJIUzI1NiIsInR5cCI6IkpXVCJ9.eyJzdWIiOiI0IiwiZmlyc3RuYW1lIjoidm92YSIsInVzZXJuYW1lIjoidm92YSIsImVtYWlsIjoidmF2YWtoYXJpdG9ub3YyMDA0QGdtYWlsLmNvbSIsImV4cCI6MTc1ODEwOTgyM30.GptHt-JEgQ2pXvjf97hn4AMmDeZG9kdnahFJ3uBn_IY"}
{"timestamp": "2025-09-17T18:33:49.122837+00:00", "level": "INFO", "logger": "app", "module": "rabbitmq", "line": 80, "message": "\u041e\u0442\u043f\u0440\u0430\u0432\u043b\u044f\u044e token \u0432 rabbitmq"}
{"timestamp": "2025-09-17T18:43:51.357539+00:00", "level": "INFO", "logger": "app", "module": "messages", "line": 18, "message": "\u041f\u043e\u043b\u0443\u0447\u0438\u043b: Bearer eyJhbGciOiJIUzI1NiIsInR5cCI6IkpXVCJ9.eyJzdWIiOiI0IiwiZmlyc3RuYW1lIjoidm92YSIsInVzZXJuYW1lIjoidm92YSIsImVtYWlsIjoidmF2YWtoYXJpdG9ub3YyMDA0QGdtYWlsLmNvbSIsImV4cCI6MTc1ODEwOTgyM30.GptHt-JEgQ2pXvjf97hn4AMmDeZG9kdnahFJ3uBn_IY"}
{"timestamp": "2025-09-17T18:43:51.359368+00:00", "level": "INFO", "logger": "app", "module": "rabbitmq", "line": 80, "message": "\u041e\u0442\u043f\u0440\u0430\u0432\u043b\u044f\u044e token \u0432 rabbitmq"}
{"timestamp": "2025-09-17T18:44:33.765748+00:00", "level": "INFO", "logger": "app", "module": "messages", "line": 18, "message": "\u041f\u043e\u043b\u0443\u0447\u0438\u043b: Bearer eyJhbGciOiJIUzI1NiIsInR5cCI6IkpXVCJ9.eyJzdWIiOiI0IiwiZmlyc3RuYW1lIjoidm92YSIsInVzZXJuYW1lIjoidm92YSIsImVtYWlsIjoidmF2YWtoYXJpdG9ub3YyMDA0QGdtYWlsLmNvbSIsImV4cCI6MTc1ODEwOTgyM30.GptHt-JEgQ2pXvjf97hn4AMmDeZG9kdnahFJ3uBn_IY"}
{"timestamp": "2025-09-17T18:44:33.765937+00:00", "level": "INFO", "logger": "app", "module": "rabbitmq", "line": 80, "message": "\u041e\u0442\u043f\u0440\u0430\u0432\u043b\u044f\u044e token \u0432 rabbitmq"}
{"timestamp": "2025-09-17T18:49:27.732089+00:00", "level": "INFO", "logger": "app", "module": "messages", "line": 18, "message": "\u041f\u043e\u043b\u0443\u0447\u0438\u043b: Bearer eyJhbGciOiJIUzI1NiIsInR5cCI6IkpXVCJ9.eyJzdWIiOiIxIiwiZmlyc3RuYW1lIjoidm92YSIsInVzZXJuYW1lIjoidm92YSIsImVtYWlsIjoidXNlckBleGFtcGxlLmNvbSIsImV4cCI6MTc1ODEzNTgzOX0.Jl2XuIx7-hzYKQqgNQEK8nJsqnRSf_jyrnskGKXDDqU"}
{"timestamp": "2025-09-17T18:49:27.732340+00:00", "level": "INFO", "logger": "app", "module": "rabbitmq", "line": 80, "message": "\u041e\u0442\u043f\u0440\u0430\u0432\u043b\u044f\u044e token \u0432 rabbitmq"}
{"timestamp": "2025-09-17T18:51:47.972530+00:00", "level": "INFO", "logger": "app", "module": "messages", "line": 18, "message": "\u041f\u043e\u043b\u0443\u0447\u0438\u043b: Bearer eyJhbGciOiJIUzI1NiIsInR5cCI6IkpXVCJ9.eyJzdWIiOiIxIiwiZmlyc3RuYW1lIjoidm92YSIsInVzZXJuYW1lIjoidm92YSIsImVtYWlsIjoidXNlckBleGFtcGxlLmNvbSIsImV4cCI6MTc1ODEzNTgzOX0.Jl2XuIx7-hzYKQqgNQEK8nJsqnRSf_jyrnskGKXDDqU"}
{"timestamp": "2025-09-17T18:51:47.972762+00:00", "level": "INFO", "logger": "app", "module": "rabbitmq", "line": 80, "message": "\u041e\u0442\u043f\u0440\u0430\u0432\u043b\u044f\u044e token \u0432 rabbitmq"}
{"timestamp": "2025-09-18T06:08:02.694799+00:00", "level": "INFO", "logger": "app", "module": "messages", "line": 18, "message": "\u041f\u043e\u043b\u0443\u0447\u0438\u043b: Bearer eyJhbGciOiJIUzI1NiIsInR5cCI6IkpXVCJ9.eyJzdWIiOiIxIiwiZmlyc3RuYW1lIjoidm92YSIsInVzZXJuYW1lIjoidm92YSIsImVtYWlsIjoidXNlckBleGFtcGxlLmNvbSIsImV4cCI6MTc1ODE3NjUzN30.rMU_HE_EyXQBWIdF7-1MlqZ4lmRS94CCw0t0jBUIe2Q"}
{"timestamp": "2025-09-18T06:08:02.695274+00:00", "level": "INFO", "logger": "app", "module": "rabbitmq", "line": 80, "message": "\u041e\u0442\u043f\u0440\u0430\u0432\u043b\u044f\u044e token \u0432 rabbitmq"}
{"timestamp": "2025-09-18T06:10:02.543387+00:00", "level": "INFO", "logger": "app", "module": "messages", "line": 18, "message": "\u041f\u043e\u043b\u0443\u0447\u0438\u043b: Bearer eyJhbGciOiJIUzI1NiIsInR5cCI6IkpXVCJ9.eyJzdWIiOiIxIiwiZmlyc3RuYW1lIjoidm92YSIsInVzZXJuYW1lIjoidm92YSIsImVtYWlsIjoidXNlckBleGFtcGxlLmNvbSIsImV4cCI6MTc1ODE3NjUzN30.rMU_HE_EyXQBWIdF7-1MlqZ4lmRS94CCw0t0jBUIe2Q"}
{"timestamp": "2025-09-18T06:10:02.543483+00:00", "level": "INFO", "logger": "app", "module": "rabbitmq", "line": 80, "message": "\u041e\u0442\u043f\u0440\u0430\u0432\u043b\u044f\u044e token \u0432 rabbitmq"}
{"timestamp": "2025-09-18T06:10:24.881448+00:00", "level": "INFO", "logger": "app", "module": "messages", "line": 18, "message": "\u041f\u043e\u043b\u0443\u0447\u0438\u043b: Bearer eyJhbGciOiJIUzI1NiIsInR5cCI6IkpXVCJ9.eyJzdWIiOiIxIiwiZmlyc3RuYW1lIjoidm92YSIsInVzZXJuYW1lIjoidm92YSIsImVtYWlsIjoidXNlckBleGFtcGxlLmNvbSIsImV4cCI6MTc1ODE3NjUzN30.rMU_HE_EyXQBWIdF7-1MlqZ4lmRS94CCw0t0jBUIe2Q"}
{"timestamp": "2025-09-18T06:10:24.881549+00:00", "level": "INFO", "logger": "app", "module": "rabbitmq", "line": 80, "message": "\u041e\u0442\u043f\u0440\u0430\u0432\u043b\u044f\u044e token \u0432 rabbitmq"}
{"timestamp": "2025-09-18T06:10:54.379376+00:00", "level": "INFO", "logger": "app", "module": "messages", "line": 18, "message": "\u041f\u043e\u043b\u0443\u0447\u0438\u043b: Bearer eyJhbGciOiJIUzI1NiIsInR5cCI6IkpXVCJ9.eyJzdWIiOiIxIiwiZmlyc3RuYW1lIjoidm92YSIsInVzZXJuYW1lIjoidm92YSIsImVtYWlsIjoidXNlckBleGFtcGxlLmNvbSIsImV4cCI6MTc1ODE3NjUzN30.rMU_HE_EyXQBWIdF7-1MlqZ4lmRS94CCw0t0jBUIe2Q"}
{"timestamp": "2025-09-18T06:10:54.379481+00:00", "level": "INFO", "logger": "app", "module": "rabbitmq", "line": 80, "message": "\u041e\u0442\u043f\u0440\u0430\u0432\u043b\u044f\u044e token \u0432 rabbitmq"}
{"timestamp": "2025-09-18T06:14:08.868789+00:00", "level": "INFO", "logger": "app", "module": "messages", "line": 18, "message": "\u041f\u043e\u043b\u0443\u0447\u0438\u043b: Bearer eyJhbGciOiJIUzI1NiIsInR5cCI6IkpXVCJ9.eyJzdWIiOiIxIiwiZmlyc3RuYW1lIjoidm92YSIsInVzZXJuYW1lIjoidm92YSIsImVtYWlsIjoidXNlckBleGFtcGxlLmNvbSIsImV4cCI6MTc1ODE3NjUzN30.rMU_HE_EyXQBWIdF7-1MlqZ4lmRS94CCw0t0jBUIe2Q"}
{"timestamp": "2025-09-18T06:14:08.868901+00:00", "level": "INFO", "logger": "app", "module": "rabbitmq", "line": 80, "message": "\u041e\u0442\u043f\u0440\u0430\u0432\u043b\u044f\u044e token \u0432 rabbitmq"}
{"timestamp": "2025-09-18T06:14:53.304970+00:00", "level": "INFO", "logger": "app", "module": "messages", "line": 18, "message": "\u041f\u043e\u043b\u0443\u0447\u0438\u043b: Bearer eyJhbGciOiJIUzI1NiIsInR5cCI6IkpXVCJ9.eyJzdWIiOiIxIiwiZmlyc3RuYW1lIjoidm92YSIsInVzZXJuYW1lIjoidm92YSIsImVtYWlsIjoidXNlckBleGFtcGxlLmNvbSIsImV4cCI6MTc1ODE3NjUzN30.rMU_HE_EyXQBWIdF7-1MlqZ4lmRS94CCw0t0jBUIe2Q"}
{"timestamp": "2025-09-18T06:14:53.305100+00:00", "level": "INFO", "logger": "app", "module": "rabbitmq", "line": 80, "message": "\u041e\u0442\u043f\u0440\u0430\u0432\u043b\u044f\u044e token \u0432 rabbitmq"}
{"timestamp": "2025-09-18T06:16:45.645845+00:00", "level": "INFO", "logger": "app", "module": "messages", "line": 18, "message": "\u041f\u043e\u043b\u0443\u0447\u0438\u043b: Bearer eyJhbGciOiJIUzI1NiIsInR5cCI6IkpXVCJ9.eyJzdWIiOiIxIiwiZmlyc3RuYW1lIjoidm92YSIsInVzZXJuYW1lIjoidm92YSIsImVtYWlsIjoidXNlckBleGFtcGxlLmNvbSIsImV4cCI6MTc1ODE3NjUzN30.rMU_HE_EyXQBWIdF7-1MlqZ4lmRS94CCw0t0jBUIe2Q"}
{"timestamp": "2025-09-18T06:16:45.645959+00:00", "level": "INFO", "logger": "app", "module": "rabbitmq", "line": 80, "message": "\u041e\u0442\u043f\u0440\u0430\u0432\u043b\u044f\u044e token \u0432 rabbitmq"}
{"timestamp": "2025-09-18T06:17:53.801260+00:00", "level": "INFO", "logger": "app", "module": "messages", "line": 18, "message": "\u041f\u043e\u043b\u0443\u0447\u0438\u043b: Bearer eyJhbGciOiJIUzI1NiIsInR5cCI6IkpXVCJ9.eyJzdWIiOiIxIiwiZmlyc3RuYW1lIjoidm92YSIsInVzZXJuYW1lIjoidm92YSIsImVtYWlsIjoidXNlckBleGFtcGxlLmNvbSIsImV4cCI6MTc1ODE3NjUzN30.rMU_HE_EyXQBWIdF7-1MlqZ4lmRS94CCw0t0jBUIe2Q"}
{"timestamp": "2025-09-18T06:17:53.801483+00:00", "level": "INFO", "logger": "app", "module": "rabbitmq", "line": 80, "message": "\u041e\u0442\u043f\u0440\u0430\u0432\u043b\u044f\u044e token \u0432 rabbitmq"}
{"timestamp": "2025-09-18T06:19:35.666378+00:00", "level": "INFO", "logger": "app", "module": "messages", "line": 18, "message": "\u041f\u043e\u043b\u0443\u0447\u0438\u043b: Bearer eyJhbGciOiJIUzI1NiIsInR5cCI6IkpXVCJ9.eyJzdWIiOiIxIiwiZmlyc3RuYW1lIjoidm92YSIsInVzZXJuYW1lIjoidm92YSIsImVtYWlsIjoidXNlckBleGFtcGxlLmNvbSIsImV4cCI6MTc1ODE3NjUzN30.rMU_HE_EyXQBWIdF7-1MlqZ4lmRS94CCw0t0jBUIe2Q"}
{"timestamp": "2025-09-18T06:19:35.666485+00:00", "level": "INFO", "logger": "app", "module": "rabbitmq", "line": 80, "message": "\u041e\u0442\u043f\u0440\u0430\u0432\u043b\u044f\u044e token \u0432 rabbitmq"}
{"timestamp": "2025-09-18T06:21:01.707373+00:00", "level": "INFO", "logger": "app", "module": "messages", "line": 18, "message": "\u041f\u043e\u043b\u0443\u0447\u0438\u043b: Bearer eyJhbGciOiJIUzI1NiIsInR5cCI6IkpXVCJ9.eyJzdWIiOiIxIiwiZmlyc3RuYW1lIjoidm92YSIsInVzZXJuYW1lIjoidm92YSIsImVtYWlsIjoidXNlckBleGFtcGxlLmNvbSIsImV4cCI6MTc1ODE3NjUzN30.rMU_HE_EyXQBWIdF7-1MlqZ4lmRS94CCw0t0jBUIe2Q"}
{"timestamp": "2025-09-18T06:21:01.707486+00:00", "level": "INFO", "logger": "app", "module": "rabbitmq", "line": 80, "message": "\u041e\u0442\u043f\u0440\u0430\u0432\u043b\u044f\u044e token \u0432 rabbitmq"}
{"timestamp": "2025-09-18T06:21:50.291479+00:00", "level": "INFO", "logger": "app", "module": "messages", "line": 18, "message": "\u041f\u043e\u043b\u0443\u0447\u0438\u043b: Bearer eyJhbGciOiJIUzI1NiIsInR5cCI6IkpXVCJ9.eyJzdWIiOiIxIiwiZmlyc3RuYW1lIjoidm92YSIsInVzZXJuYW1lIjoidm92YSIsImVtYWlsIjoidXNlckBleGFtcGxlLmNvbSIsImV4cCI6MTc1ODE3NjUzN30.rMU_HE_EyXQBWIdF7-1MlqZ4lmRS94CCw0t0jBUIe2Q"}
{"timestamp": "2025-09-18T06:21:50.291575+00:00", "level": "INFO", "logger": "app", "module": "rabbitmq", "line": 80, "message": "\u041e\u0442\u043f\u0440\u0430\u0432\u043b\u044f\u044e token \u0432 rabbitmq"}
{"timestamp": "2025-09-18T06:22:23.170708+00:00", "level": "INFO", "logger": "app", "module": "messages", "line": 18, "message": "\u041f\u043e\u043b\u0443\u0447\u0438\u043b: Bearer eyJhbGciOiJIUzI1NiIsInR5cCI6IkpXVCJ9.eyJzdWIiOiIxIiwiZmlyc3RuYW1lIjoidm92YSIsInVzZXJuYW1lIjoidm92YSIsImVtYWlsIjoidXNlckBleGFtcGxlLmNvbSIsImV4cCI6MTc1ODE3NjUzN30.rMU_HE_EyXQBWIdF7-1MlqZ4lmRS94CCw0t0jBUIe2Q"}
{"timestamp": "2025-09-18T06:22:23.170836+00:00", "level": "INFO", "logger": "app", "module": "rabbitmq", "line": 80, "message": "\u041e\u0442\u043f\u0440\u0430\u0432\u043b\u044f\u044e token \u0432 rabbitmq"}
{"timestamp": "2025-09-18T06:24:02.938875+00:00", "level": "INFO", "logger": "app", "module": "messages", "line": 18, "message": "\u041f\u043e\u043b\u0443\u0447\u0438\u043b: Bearer eyJhbGciOiJIUzI1NiIsInR5cCI6IkpXVCJ9.eyJzdWIiOiIxIiwiZmlyc3RuYW1lIjoidm92YSIsInVzZXJuYW1lIjoidm92YSIsImVtYWlsIjoidXNlckBleGFtcGxlLmNvbSIsImV4cCI6MTc1ODE3NjUzN30.rMU_HE_EyXQBWIdF7-1MlqZ4lmRS94CCw0t0jBUIe2Q"}
{"timestamp": "2025-09-18T06:24:02.939090+00:00", "level": "INFO", "logger": "app", "module": "rabbitmq", "line": 81, "message": "\u041e\u0442\u043f\u0440\u0430\u0432\u043b\u044f\u044e token \u0432 rabbitmq"}
{"timestamp": "2025-09-18T06:24:55.499868+00:00", "level": "INFO", "logger": "app", "module": "messages", "line": 18, "message": "\u041f\u043e\u043b\u0443\u0447\u0438\u043b: Bearer eyJhbGciOiJIUzI1NiIsInR5cCI6IkpXVCJ9.eyJzdWIiOiIxIiwiZmlyc3RuYW1lIjoidm92YSIsInVzZXJuYW1lIjoidm92YSIsImVtYWlsIjoidXNlckBleGFtcGxlLmNvbSIsImV4cCI6MTc1ODE3NzU4Mn0.e8TJxI4CfFYm9X20_aM12QHTz00gE79fK-8f70F6OzU"}
{"timestamp": "2025-09-18T06:24:55.499992+00:00", "level": "INFO", "logger": "app", "module": "rabbitmq", "line": 81, "message": "\u041e\u0442\u043f\u0440\u0430\u0432\u043b\u044f\u044e token \u0432 rabbitmq"}
{"timestamp": "2025-09-18T06:25:15.274088+00:00", "level": "INFO", "logger": "app", "module": "messages", "line": 18, "message": "\u041f\u043e\u043b\u0443\u0447\u0438\u043b: Bearer eyJhbGciOiJIUzI1NiIsInR5cCI6IkpXVCJ9.eyJzdWIiOiIxIiwiZmlyc3RuYW1lIjoidm92YSIsInVzZXJuYW1lIjoidm92YSIsImVtYWlsIjoidXNlckBleGFtcGxlLmNvbSIsImV4cCI6MTc1ODE3NzU4Mn0.e8TJxI4CfFYm9X20_aM12QHTz00gE79fK-8f70F6OzU"}
{"timestamp": "2025-09-18T06:25:15.274191+00:00", "level": "INFO", "logger": "app", "module": "rabbitmq", "line": 81, "message": "\u041e\u0442\u043f\u0440\u0430\u0432\u043b\u044f\u044e token \u0432 rabbitmq"}
{"timestamp": "2025-09-18T06:25:45.408355+00:00", "level": "INFO", "logger": "app", "module": "messages", "line": 18, "message": "\u041f\u043e\u043b\u0443\u0447\u0438\u043b: Bearer eyJhbGciOiJIUzI1NiIsInR5cCI6IkpXVCJ9.eyJzdWIiOiIxIiwiZmlyc3RuYW1lIjoidm92YSIsInVzZXJuYW1lIjoidm92YSIsImVtYWlsIjoidXNlckBleGFtcGxlLmNvbSIsImV4cCI6MTc1ODE3NzU4Mn0.e8TJxI4CfFYm9X20_aM12QHTz00gE79fK-8f70F6OzU"}
{"timestamp": "2025-09-18T06:25:45.408492+00:00", "level": "INFO", "logger": "app", "module": "rabbitmq", "line": 81, "message": "\u041e\u0442\u043f\u0440\u0430\u0432\u043b\u044f\u044e token \u0432 rabbitmq"}
{"timestamp": "2025-09-18T06:26:14.822590+00:00", "level": "INFO", "logger": "app", "module": "messages", "line": 18, "message": "\u041f\u043e\u043b\u0443\u0447\u0438\u043b: Bearer eyJhbGciOiJIUzI1NiIsInR5cCI6IkpXVCJ9.eyJzdWIiOiIxIiwiZmlyc3RuYW1lIjoidm92YSIsInVzZXJuYW1lIjoidm92YSIsImVtYWlsIjoidXNlckBleGFtcGxlLmNvbSIsImV4cCI6MTc1ODE3NzU4Mn0.e8TJxI4CfFYm9X20_aM12QHTz00gE79fK-8f70F6OzU"}
{"timestamp": "2025-09-18T06:26:14.822706+00:00", "level": "INFO", "logger": "app", "module": "rabbitmq", "line": 81, "message": "\u041e\u0442\u043f\u0440\u0430\u0432\u043b\u044f\u044e token \u0432 rabbitmq"}
{"timestamp": "2025-09-18T06:27:33.226868+00:00", "level": "INFO", "logger": "app", "module": "messages", "line": 18, "message": "\u041f\u043e\u043b\u0443\u0447\u0438\u043b: Bearer eyJhbGciOiJIUzI1NiIsInR5cCI6IkpXVCJ9.eyJzdWIiOiIxIiwiZmlyc3RuYW1lIjoidm92YSIsInVzZXJuYW1lIjoidm92YSIsImVtYWlsIjoidXNlckBleGFtcGxlLmNvbSIsImV4cCI6MTc1ODE3NzU4Mn0.e8TJxI4CfFYm9X20_aM12QHTz00gE79fK-8f70F6OzU"}
{"timestamp": "2025-09-18T06:27:33.227055+00:00", "level": "INFO", "logger": "app", "module": "rabbitmq", "line": 81, "message": "\u041e\u0442\u043f\u0440\u0430\u0432\u043b\u044f\u044e token \u0432 rabbitmq"}
{"timestamp": "2025-09-18T06:29:26.681817+00:00", "level": "INFO", "logger": "app", "module": "messages", "line": 18, "message": "\u041f\u043e\u043b\u0443\u0447\u0438\u043b: Bearer eyJhbGciOiJIUzI1NiIsInR5cCI6IkpXVCJ9.eyJzdWIiOiIxIiwiZmlyc3RuYW1lIjoidm92YSIsInVzZXJuYW1lIjoidm92YSIsImVtYWlsIjoidXNlckBleGFtcGxlLmNvbSIsImV4cCI6MTc1ODE3NzU4Mn0.e8TJxI4CfFYm9X20_aM12QHTz00gE79fK-8f70F6OzU"}
{"timestamp": "2025-09-18T06:29:26.681938+00:00", "level": "INFO", "logger": "app", "module": "rabbitmq", "line": 81, "message": "\u041e\u0442\u043f\u0440\u0430\u0432\u043b\u044f\u044e token \u0432 rabbitmq"}
{"timestamp": "2025-09-18T06:30:09.105192+00:00", "level": "INFO", "logger": "app", "module": "messages", "line": 18, "message": "\u041f\u043e\u043b\u0443\u0447\u0438\u043b: Bearer eyJhbGciOiJIUzI1NiIsInR5cCI6IkpXVCJ9.eyJzdWIiOiIxIiwiZmlyc3RuYW1lIjoidm92YSIsInVzZXJuYW1lIjoidm92YSIsImVtYWlsIjoidXNlckBleGFtcGxlLmNvbSIsImV4cCI6MTc1ODE3NzU4Mn0.e8TJxI4CfFYm9X20_aM12QHTz00gE79fK-8f70F6OzU"}
{"timestamp": "2025-09-18T06:30:09.105306+00:00", "level": "INFO", "logger": "app", "module": "rabbitmq", "line": 81, "message": "\u041e\u0442\u043f\u0440\u0430\u0432\u043b\u044f\u044e token \u0432 rabbitmq"}
{"timestamp": "2025-09-18T06:32:41.089203+00:00", "level": "INFO", "logger": "app", "module": "messages", "line": 18, "message": "\u041f\u043e\u043b\u0443\u0447\u0438\u043b: Bearer eyJhbGciOiJIUzI1NiIsInR5cCI6IkpXVCJ9.eyJzdWIiOiIxIiwiZmlyc3RuYW1lIjoidm92YSIsInVzZXJuYW1lIjoidm92YSIsImVtYWlsIjoidXNlckBleGFtcGxlLmNvbSIsImV4cCI6MTc1ODE3NzU4Mn0.e8TJxI4CfFYm9X20_aM12QHTz00gE79fK-8f70F6OzU"}
{"timestamp": "2025-09-18T06:32:41.089307+00:00", "level": "INFO", "logger": "app", "module": "rabbitmq", "line": 81, "message": "\u041e\u0442\u043f\u0440\u0430\u0432\u043b\u044f\u044e token \u0432 rabbitmq"}
{"timestamp": "2025-09-18T06:33:18.208549+00:00", "level": "INFO", "logger": "app", "module": "messages", "line": 18, "message": "\u041f\u043e\u043b\u0443\u0447\u0438\u043b: Bearer eyJhbGciOiJIUzI1NiIsInR5cCI6IkpXVCJ9.eyJzdWIiOiIxIiwiZmlyc3RuYW1lIjoidm92YSIsInVzZXJuYW1lIjoidm92YSIsImVtYWlsIjoidXNlckBleGFtcGxlLmNvbSIsImV4cCI6MTc1ODE3NzU4Mn0.e8TJxI4CfFYm9X20_aM12QHTz00gE79fK-8f70F6OzU"}
{"timestamp": "2025-09-18T06:33:18.208653+00:00", "level": "INFO", "logger": "app", "module": "rabbitmq", "line": 81, "message": "\u041e\u0442\u043f\u0440\u0430\u0432\u043b\u044f\u044e token \u0432 rabbitmq"}
{"timestamp": "2025-09-18T06:37:39.156450+00:00", "level": "INFO", "logger": "app", "module": "messages", "line": 18, "message": "\u041f\u043e\u043b\u0443\u0447\u0438\u043b: Bearer eyJhbGciOiJIUzI1NiIsInR5cCI6IkpXVCJ9.eyJzdWIiOiIxIiwiZmlyc3RuYW1lIjoidm92YSIsInVzZXJuYW1lIjoidm92YSIsImVtYWlsIjoidXNlckBleGFtcGxlLmNvbSIsImV4cCI6MTc1ODE3NzU4Mn0.e8TJxI4CfFYm9X20_aM12QHTz00gE79fK-8f70F6OzU"}
{"timestamp": "2025-09-18T06:37:39.156577+00:00", "level": "INFO", "logger": "app", "module": "rabbitmq", "line": 82, "message": "\u041e\u0442\u043f\u0440\u0430\u0432\u043b\u044f\u044e token \u0432 rabbitmq"}
{"timestamp": "2025-09-18T06:38:46.640397+00:00", "level": "INFO", "logger": "app", "module": "messages", "line": 18, "message": "\u041f\u043e\u043b\u0443\u0447\u0438\u043b: Bearer eyJhbGciOiJIUzI1NiIsInR5cCI6IkpXVCJ9.eyJzdWIiOiIxIiwiZmlyc3RuYW1lIjoidm92YSIsInVzZXJuYW1lIjoidm92YSIsImVtYWlsIjoidXNlckBleGFtcGxlLmNvbSIsImV4cCI6MTc1ODE3NzU4Mn0.e8TJxI4CfFYm9X20_aM12QHTz00gE79fK-8f70F6OzU"}
{"timestamp": "2025-09-18T06:38:46.640544+00:00", "level": "INFO", "logger": "app", "module": "rabbitmq", "line": 82, "message": "\u041e\u0442\u043f\u0440\u0430\u0432\u043b\u044f\u044e token \u0432 rabbitmq"}
{"timestamp": "2025-09-18T06:40:15.892765+00:00", "level": "INFO", "logger": "app", "module": "messages", "line": 18, "message": "\u041f\u043e\u043b\u0443\u0447\u0438\u043b: Bearer eyJhbGciOiJIUzI1NiIsInR5cCI6IkpXVCJ9.eyJzdWIiOiIxIiwiZmlyc3RuYW1lIjoidm92YSIsInVzZXJuYW1lIjoidm92YSIsImVtYWlsIjoidXNlckBleGFtcGxlLmNvbSIsImV4cCI6MTc1ODE3NzU4Mn0.e8TJxI4CfFYm9X20_aM12QHTz00gE79fK-8f70F6OzU"}
{"timestamp": "2025-09-18T06:40:15.892922+00:00", "level": "INFO", "logger": "app", "module": "rabbitmq", "line": 82, "message": "\u041e\u0442\u043f\u0440\u0430\u0432\u043b\u044f\u044e token \u0432 rabbitmq"}
{"timestamp": "2025-09-18T06:40:32.887968+00:00", "level": "INFO", "logger": "app", "module": "messages", "line": 18, "message": "\u041f\u043e\u043b\u0443\u0447\u0438\u043b: Bearer eyJhbGciOiJIUzI1NiIsInR5cCI6IkpXVCJ9.eyJzdWIiOiIxIiwiZmlyc3RuYW1lIjoidm92YSIsInVzZXJuYW1lIjoidm92YSIsImVtYWlsIjoidXNlckBleGFtcGxlLmNvbSIsImV4cCI6MTc1ODE3ODUyMn0.HiOhdrcMJGb0J9w3rj82MPRg6nETFCSt3fwjVBwf3wc"}
{"timestamp": "2025-09-18T06:40:32.888070+00:00", "level": "INFO", "logger": "app", "module": "rabbitmq", "line": 82, "message": "\u041e\u0442\u043f\u0440\u0430\u0432\u043b\u044f\u044e token \u0432 rabbitmq"}
{"timestamp": "2025-09-18T06:40:32.895638+00:00", "level": "INFO", "logger": "app", "module": "rabbitmq", "line": 90, "message": "\u041f\u043e\u043b\u0443\u0447\u0438\u043b\u0438 \u0432 \u0441\u0435\u0440\u0432\u0438\u0441\u0435 \u0441 \u0441\u043e\u043e\u0431\u0449\u0435\u043d\u0438\u044f\u043c\u0438:\nid=1 firstname='vova' username='vova' email='user@example.com'"}
{"timestamp": "2025-09-18T06:48:31.690456+00:00", "level": "INFO", "logger": "app", "module": "messages", "line": 18, "message": "\u041f\u043e\u043b\u0443\u0447\u0438\u043b: Bearer eyJhbGciOiJIUzI1NiIsInR5cCI6IkpXVCJ9.eyJzdWIiOiIxIiwiZmlyc3RuYW1lIjoidm92YSIsInVzZXJuYW1lIjoidm92YSIsImVtYWlsIjoidXNlckBleGFtcGxlLmNvbSIsImV4cCI6MTc1ODE3ODUyMn0.HiOhdrcMJGb0J9w3rj82MPRg6nETFCSt3fwjVBwf3wc"}
{"timestamp": "2025-09-18T06:48:31.690570+00:00", "level": "INFO", "logger": "app", "module": "rabbitmq", "line": 82, "message": "\u041e\u0442\u043f\u0440\u0430\u0432\u043b\u044f\u044e token \u0432 rabbitmq"}
{"timestamp": "2025-09-18T06:48:31.735177+00:00", "level": "INFO", "logger": "app", "module": "rabbitmq", "line": 89, "message": "\u041f\u043e\u043b\u0443\u0447\u0438\u043b\u0438 \u0432 \u0441\u0435\u0440\u0432\u0438\u0441\u0435 \u0441 \u0441\u043e\u043e\u0431\u0449\u0435\u043d\u0438\u044f\u043c\u0438:\nid=1 firstname='vova' username='vova' email='user@example.com'"}
{"timestamp": "2025-09-18T15:31:40.502609+00:00", "level": "INFO", "logger": "app", "module": "messages", "line": 18, "message": "\u041f\u043e\u043b\u0443\u0447\u0438\u043b: Bearer eyJhbGciOiJIUzI1NiIsInR5cCI6IkpXVCJ9.eyJzdWIiOiIxIiwiZmlyc3RuYW1lIjoidm92YSIsInVzZXJuYW1lIjoidm92YSIsImVtYWlsIjoidXNlckBleGFtcGxlLmNvbSIsImV4cCI6MTc1ODE3ODUyMn0.HiOhdrcMJGb0J9w3rj82MPRg6nETFCSt3fwjVBwf3wc"}
{"timestamp": "2025-09-18T15:31:40.504133+00:00", "level": "INFO", "logger": "app", "module": "rabbitmq", "line": 82, "message": "\u041e\u0442\u043f\u0440\u0430\u0432\u043b\u044f\u044e token \u0432 rabbitmq"}
{"timestamp": "2025-09-18T15:35:11.016787+00:00", "level": "INFO", "logger": "app", "module": "messages", "line": 18, "message": "\u041f\u043e\u043b\u0443\u0447\u0438\u043b: Bearer eyJhbGciOiJIUzI1NiIsInR5cCI6IkpXVCJ9.eyJzdWIiOiIxIiwiZmlyc3RuYW1lIjoidm92YSIsInVzZXJuYW1lIjoidm92YSIsImVtYWlsIjoidXNlckBleGFtcGxlLmNvbSIsImV4cCI6MTc1ODE3ODUyMn0.HiOhdrcMJGb0J9w3rj82MPRg6nETFCSt3fwjVBwf3wc"}
{"timestamp": "2025-09-18T15:35:11.016961+00:00", "level": "INFO", "logger": "app", "module": "rabbitmq", "line": 82, "message": "\u041e\u0442\u043f\u0440\u0430\u0432\u043b\u044f\u044e token \u0432 rabbitmq"}
{"timestamp": "2025-09-18T15:36:35.854348+00:00", "level": "INFO", "logger": "app", "module": "messages", "line": 18, "message": "\u041f\u043e\u043b\u0443\u0447\u0438\u043b: Bearer eyJhbGciOiJIUzI1NiIsInR5cCI6IkpXVCJ9.eyJzdWIiOiIxIiwiZmlyc3RuYW1lIjoidm92YSIsInVzZXJuYW1lIjoidm92YSIsImVtYWlsIjoidXNlckBleGFtcGxlLmNvbSIsImV4cCI6MTc1ODE3ODUyMn0.HiOhdrcMJGb0J9w3rj82MPRg6nETFCSt3fwjVBwf3wc"}
{"timestamp": "2025-09-18T15:36:35.854582+00:00", "level": "INFO", "logger": "app", "module": "rabbitmq", "line": 82, "message": "\u041e\u0442\u043f\u0440\u0430\u0432\u043b\u044f\u044e token \u0432 rabbitmq"}
{"timestamp": "2025-09-18T15:37:01.209608+00:00", "level": "INFO", "logger": "app", "module": "messages", "line": 18, "message": "\u041f\u043e\u043b\u0443\u0447\u0438\u043b: Bearer eyJhbGciOiJIUzI1NiIsInR5cCI6IkpXVCJ9.eyJzdWIiOiIxIiwiZmlyc3RuYW1lIjoidm92YSIsInVzZXJuYW1lIjoidm92YSIsImVtYWlsIjoidXNlckBleGFtcGxlLmNvbSIsImV4cCI6MTc1ODE3ODUyMn0.HiOhdrcMJGb0J9w3rj82MPRg6nETFCSt3fwjVBwf3wc"}
{"timestamp": "2025-09-18T15:37:01.209831+00:00", "level": "INFO", "logger": "app", "module": "rabbitmq", "line": 82, "message": "\u041e\u0442\u043f\u0440\u0430\u0432\u043b\u044f\u044e token \u0432 rabbitmq"}
{"timestamp": "2025-09-18T15:38:56.591758+00:00", "level": "INFO", "logger": "app", "module": "messages", "line": 18, "message": "\u041f\u043e\u043b\u0443\u0447\u0438\u043b: Bearer eyJhbGciOiJIUzI1NiIsInR5cCI6IkpXVCJ9.eyJzdWIiOiIxIiwiZmlyc3RuYW1lIjoidm92YSIsInVzZXJuYW1lIjoidm92YSIsImVtYWlsIjoidXNlckBleGFtcGxlLmNvbSIsImV4cCI6MTc1ODE3ODUyMn0.HiOhdrcMJGb0J9w3rj82MPRg6nETFCSt3fwjVBwf3wc"}
{"timestamp": "2025-09-18T15:38:56.591947+00:00", "level": "INFO", "logger": "app", "module": "rabbitmq", "line": 82, "message": "\u041e\u0442\u043f\u0440\u0430\u0432\u043b\u044f\u044e token \u0432 rabbitmq"}
{"timestamp": "2025-09-18T15:40:52.093795+00:00", "level": "INFO", "logger": "app", "module": "messages", "line": 18, "message": "\u041f\u043e\u043b\u0443\u0447\u0438\u043b: Bearer eyJhbGciOiJIUzI1NiIsInR5cCI6IkpXVCJ9.eyJzdWIiOiIxIiwiZmlyc3RuYW1lIjoidm92YSIsInVzZXJuYW1lIjoidm92YSIsImVtYWlsIjoidXNlckBleGFtcGxlLmNvbSIsImV4cCI6MTc1ODE3ODUyMn0.HiOhdrcMJGb0J9w3rj82MPRg6nETFCSt3fwjVBwf3wc"}
{"timestamp": "2025-09-18T15:40:52.094106+00:00", "level": "INFO", "logger": "app", "module": "rabbitmq", "line": 82, "message": "\u041e\u0442\u043f\u0440\u0430\u0432\u043b\u044f\u044e token \u0432 rabbitmq"}
{"timestamp": "2025-09-18T15:42:20.865632+00:00", "level": "INFO", "logger": "app", "module": "messages", "line": 18, "message": "\u041f\u043e\u043b\u0443\u0447\u0438\u043b: Bearer eyJhbGciOiJIUzI1NiIsInR5cCI6IkpXVCJ9.eyJzdWIiOiIxIiwiZmlyc3RuYW1lIjoidm92YSIsInVzZXJuYW1lIjoidm92YSIsImVtYWlsIjoidXNlckBleGFtcGxlLmNvbSIsImV4cCI6MTc1ODE3ODUyMn0.HiOhdrcMJGb0J9w3rj82MPRg6nETFCSt3fwjVBwf3wc"}
{"timestamp": "2025-09-18T15:42:20.865808+00:00", "level": "INFO", "logger": "app", "module": "rabbitmq", "line": 82, "message": "\u041e\u0442\u043f\u0440\u0430\u0432\u043b\u044f\u044e token \u0432 rabbitmq"}
{"timestamp": "2025-09-18T15:42:43.186283+00:00", "level": "INFO", "logger": "app", "module": "messages", "line": 18, "message": "\u041f\u043e\u043b\u0443\u0447\u0438\u043b: Bearer eyJhbGciOiJIUzI1NiIsInR5cCI6IkpXVCJ9.eyJzdWIiOiIxIiwiZmlyc3RuYW1lIjoidm92YSIsInVzZXJuYW1lIjoidm92YSIsImVtYWlsIjoidXNlckBleGFtcGxlLmNvbSIsImV4cCI6MTc1ODE3ODUyMn0.HiOhdrcMJGb0J9w3rj82MPRg6nETFCSt3fwjVBwf3wc"}
{"timestamp": "2025-09-18T15:42:43.186475+00:00", "level": "INFO", "logger": "app", "module": "rabbitmq", "line": 82, "message": "\u041e\u0442\u043f\u0440\u0430\u0432\u043b\u044f\u044e token \u0432 rabbitmq"}
{"timestamp": "2025-09-18T15:42:59.343888+00:00", "level": "INFO", "logger": "app", "module": "messages", "line": 18, "message": "\u041f\u043e\u043b\u0443\u0447\u0438\u043b: Bearer eyJhbGciOiJIUzI1NiIsInR5cCI6IkpXVCJ9.eyJzdWIiOiIxIiwiZmlyc3RuYW1lIjoidm92YSIsInVzZXJuYW1lIjoidm92YSIsImVtYWlsIjoidXNlckBleGFtcGxlLmNvbSIsImV4cCI6MTc1ODE3ODUyMn0.HiOhdrcMJGb0J9w3rj82MPRg6nETFCSt3fwjVBwf3wc"}
{"timestamp": "2025-09-18T15:42:59.344118+00:00", "level": "INFO", "logger": "app", "module": "rabbitmq", "line": 82, "message": "\u041e\u0442\u043f\u0440\u0430\u0432\u043b\u044f\u044e token \u0432 rabbitmq"}
{"timestamp": "2025-09-18T15:43:24.605535+00:00", "level": "INFO", "logger": "app", "module": "messages", "line": 18, "message": "\u041f\u043e\u043b\u0443\u0447\u0438\u043b: Bearer eyJhbGciOiJIUzI1NiIsInR5cCI6IkpXVCJ9.eyJzdWIiOiIxIiwiZmlyc3RuYW1lIjoidm92YSIsInVzZXJuYW1lIjoidm92YSIsImVtYWlsIjoidXNlckBleGFtcGxlLmNvbSIsImV4cCI6MTc1ODIxMDI1MX0.Rv26bjo6YCSe5F6njUIPqwWDp3fDMthuAroOFTRqmAc"}
{"timestamp": "2025-09-18T15:43:24.605711+00:00", "level": "INFO", "logger": "app", "module": "rabbitmq", "line": 82, "message": "\u041e\u0442\u043f\u0440\u0430\u0432\u043b\u044f\u044e token \u0432 rabbitmq"}
{"timestamp": "2025-09-18T15:44:54.137008+00:00", "level": "INFO", "logger": "app", "module": "messages", "line": 18, "message": "\u041f\u043e\u043b\u0443\u0447\u0438\u043b: Bearer eyJhbGciOiJIUzI1NiIsInR5cCI6IkpXVCJ9.eyJzdWIiOiIxIiwiZmlyc3RuYW1lIjoidm92YSIsInVzZXJuYW1lIjoidm92YSIsImVtYWlsIjoidXNlckBleGFtcGxlLmNvbSIsImV4cCI6MTc1ODIxMDI1MX0.Rv26bjo6YCSe5F6njUIPqwWDp3fDMthuAroOFTRqmAc"}
{"timestamp": "2025-09-18T15:44:54.137225+00:00", "level": "INFO", "logger": "app", "module": "rabbitmq", "line": 82, "message": "\u041e\u0442\u043f\u0440\u0430\u0432\u043b\u044f\u044e token \u0432 rabbitmq"}
{"timestamp": "2025-09-18T15:46:22.459573+00:00", "level": "INFO", "logger": "app", "module": "messages", "line": 18, "message": "\u041f\u043e\u043b\u0443\u0447\u0438\u043b: Bearer eyJhbGciOiJIUzI1NiIsInR5cCI6IkpXVCJ9.eyJzdWIiOiIxIiwiZmlyc3RuYW1lIjoidm92YSIsInVzZXJuYW1lIjoidm92YSIsImVtYWlsIjoidXNlckBleGFtcGxlLmNvbSIsImV4cCI6MTc1ODIxMTI0OX0.Mafesh10TTe88yi7nHkQNSsgo6EWkE-Q9qmFn6DNPko"}
{"timestamp": "2025-09-18T15:46:22.459746+00:00", "level": "INFO", "logger": "app", "module": "rabbitmq", "line": 82, "message": "\u041e\u0442\u043f\u0440\u0430\u0432\u043b\u044f\u044e token \u0432 rabbitmq"}
{"timestamp": "2025-09-18T16:43:35.118729+00:00", "level": "INFO", "logger": "app", "module": "rabbitmq", "line": 82, "message": "\u041e\u0442\u043f\u0440\u0430\u0432\u043b\u044f\u044e token \u0432 rabbitmq"}
{"timestamp": "2025-09-18T16:43:35.127257+00:00", "level": "INFO", "logger": "app", "module": "rabbitmq", "line": 89, "message": "\u041f\u043e\u043b\u0443\u0447\u0438\u043b\u0438 \u0432 \u0441\u0435\u0440\u0432\u0438\u0441\u0435 \u0441 \u0441\u043e\u043e\u0431\u0449\u0435\u043d\u0438\u044f\u043c\u0438:\n{'status_code': 401, 'detail': 'Could not validate credentials'}"}
{"timestamp": "2025-09-18T16:45:35.827130+00:00", "level": "INFO", "logger": "app", "module": "rabbitmq", "line": 82, "message": "\u041e\u0442\u043f\u0440\u0430\u0432\u043b\u044f\u044e token \u0432 rabbitmq"}
{"timestamp": "2025-09-18T16:45:35.850707+00:00", "level": "INFO", "logger": "app", "module": "rabbitmq", "line": 89, "message": "\u041f\u043e\u043b\u0443\u0447\u0438\u043b\u0438 \u0432 \u0441\u0435\u0440\u0432\u0438\u0441\u0435 \u0441 \u0441\u043e\u043e\u0431\u0449\u0435\u043d\u0438\u044f\u043c\u0438:\n{'id': 1, 'firstname': 'vova', 'username': 'vova', 'email': 'user@example.com'}"}
{"timestamp": "2025-09-18T17:23:06.600236+00:00", "level": "INFO", "logger": "app", "module": "rabbitmq", "line": 82, "message": "\u041e\u0442\u043f\u0440\u0430\u0432\u043b\u044f\u044e token \u0432 rabbitmq"}
{"timestamp": "2025-09-18T17:23:06.617385+00:00", "level": "INFO", "logger": "app", "module": "rabbitmq", "line": 89, "message": "\u041f\u043e\u043b\u0443\u0447\u0438\u043b\u0438 \u0432 \u0441\u0435\u0440\u0432\u0438\u0441\u0435 \u0441 \u0441\u043e\u043e\u0431\u0449\u0435\u043d\u0438\u044f\u043c\u0438:\n{'id': 1, 'firstname': 'vova', 'username': 'vova', 'email': 'user@example.com'}"}
{"timestamp": "2025-09-18T17:23:43.642390+00:00", "level": "INFO", "logger": "app", "module": "rabbitmq", "line": 82, "message": "\u041e\u0442\u043f\u0440\u0430\u0432\u043b\u044f\u044e token \u0432 rabbitmq"}
{"timestamp": "2025-09-18T17:23:43.649355+00:00", "level": "INFO", "logger": "app", "module": "rabbitmq", "line": 89, "message": "\u041f\u043e\u043b\u0443\u0447\u0438\u043b\u0438 \u0432 \u0441\u0435\u0440\u0432\u0438\u0441\u0435 \u0441 \u0441\u043e\u043e\u0431\u0449\u0435\u043d\u0438\u044f\u043c\u0438:\n{'id': 1, 'firstname': 'vova', 'username': 'vova', 'email': 'user@example.com'}"}
{"timestamp": "2025-09-18T17:27:20.478232+00:00", "level": "INFO", "logger": "app", "module": "rabbitmq", "line": 82, "message": "\u041e\u0442\u043f\u0440\u0430\u0432\u043b\u044f\u044e token \u0432 rabbitmq"}
{"timestamp": "2025-09-18T17:27:20.485819+00:00", "level": "INFO", "logger": "app", "module": "rabbitmq", "line": 89, "message": "\u041f\u043e\u043b\u0443\u0447\u0438\u043b\u0438 \u0432 \u0441\u0435\u0440\u0432\u0438\u0441\u0435 \u0441 \u0441\u043e\u043e\u0431\u0449\u0435\u043d\u0438\u044f\u043c\u0438:\n{'id': 1, 'firstname': 'vova', 'username': 'vova', 'email': 'user@example.com'}"}
{"timestamp": "2025-09-18T17:28:38.586935+00:00", "level": "INFO", "logger": "app", "module": "rabbitmq", "line": 82, "message": "\u041e\u0442\u043f\u0440\u0430\u0432\u043b\u044f\u044e token \u0432 rabbitmq"}
{"timestamp": "2025-09-18T17:28:38.593621+00:00", "level": "INFO", "logger": "app", "module": "rabbitmq", "line": 89, "message": "\u041f\u043e\u043b\u0443\u0447\u0438\u043b\u0438 \u0432 \u0441\u0435\u0440\u0432\u0438\u0441\u0435 \u0441 \u0441\u043e\u043e\u0431\u0449\u0435\u043d\u0438\u044f\u043c\u0438:\n{'id': 1, 'firstname': 'vova', 'username': 'vova', 'email': 'user@example.com'}"}
{"timestamp": "2025-09-18T17:29:08.688801+00:00", "level": "INFO", "logger": "app", "module": "rabbitmq", "line": 82, "message": "\u041e\u0442\u043f\u0440\u0430\u0432\u043b\u044f\u044e token \u0432 rabbitmq"}
{"timestamp": "2025-09-18T17:29:08.694775+00:00", "level": "INFO", "logger": "app", "module": "rabbitmq", "line": 89, "message": "\u041f\u043e\u043b\u0443\u0447\u0438\u043b\u0438 \u0432 \u0441\u0435\u0440\u0432\u0438\u0441\u0435 \u0441 \u0441\u043e\u043e\u0431\u0449\u0435\u043d\u0438\u044f\u043c\u0438:\n{'id': 1, 'firstname': 'vova', 'username': 'vova', 'email': 'user@example.com'}"}
{"timestamp": "2025-09-18T17:29:17.203896+00:00", "level": "INFO", "logger": "app", "module": "rabbitmq", "line": 82, "message": "\u041e\u0442\u043f\u0440\u0430\u0432\u043b\u044f\u044e token \u0432 rabbitmq"}
{"timestamp": "2025-09-18T17:29:17.210177+00:00", "level": "INFO", "logger": "app", "module": "rabbitmq", "line": 89, "message": "\u041f\u043e\u043b\u0443\u0447\u0438\u043b\u0438 \u0432 \u0441\u0435\u0440\u0432\u0438\u0441\u0435 \u0441 \u0441\u043e\u043e\u0431\u0449\u0435\u043d\u0438\u044f\u043c\u0438:\n{'id': 1, 'firstname': 'vova', 'username': 'vova', 'email': 'user@example.com'}"}
{"timestamp": "2025-09-18T17:31:09.540883+00:00", "level": "INFO", "logger": "app", "module": "rabbitmq", "line": 82, "message": "\u041e\u0442\u043f\u0440\u0430\u0432\u043b\u044f\u044e token \u0432 rabbitmq"}
{"timestamp": "2025-09-18T17:31:09.548782+00:00", "level": "INFO", "logger": "app", "module": "rabbitmq", "line": 89, "message": "\u041f\u043e\u043b\u0443\u0447\u0438\u043b\u0438 \u0432 \u0441\u0435\u0440\u0432\u0438\u0441\u0435 \u0441 \u0441\u043e\u043e\u0431\u0449\u0435\u043d\u0438\u044f\u043c\u0438:\n{'id': 1, 'firstname': 'vova', 'username': 'vova', 'email': 'user@example.com'}"}
{"timestamp": "2025-09-18T17:31:38.570379+00:00", "level": "INFO", "logger": "app", "module": "rabbitmq", "line": 82, "message": "\u041e\u0442\u043f\u0440\u0430\u0432\u043b\u044f\u044e token \u0432 rabbitmq"}
{"timestamp": "2025-09-18T17:31:38.576388+00:00", "level": "INFO", "logger": "app", "module": "rabbitmq", "line": 89, "message": "\u041f\u043e\u043b\u0443\u0447\u0438\u043b\u0438 \u0432 \u0441\u0435\u0440\u0432\u0438\u0441\u0435 \u0441 \u0441\u043e\u043e\u0431\u0449\u0435\u043d\u0438\u044f\u043c\u0438:\n{'id': 1, 'firstname': 'vova', 'username': 'vova', 'email': 'user@example.com'}"}
{"timestamp": "2025-09-18T17:34:10.703609+00:00", "level": "INFO", "logger": "app", "module": "rabbitmq", "line": 82, "message": "\u041e\u0442\u043f\u0440\u0430\u0432\u043b\u044f\u044e token \u0432 rabbitmq"}
{"timestamp": "2025-09-18T17:34:10.709087+00:00", "level": "INFO", "logger": "app", "module": "rabbitmq", "line": 89, "message": "\u041f\u043e\u043b\u0443\u0447\u0438\u043b\u0438 \u0432 \u0441\u0435\u0440\u0432\u0438\u0441\u0435 \u0441 \u0441\u043e\u043e\u0431\u0449\u0435\u043d\u0438\u044f\u043c\u0438:\n{'id': 1, 'firstname': 'vova', 'username': 'vova', 'email': 'user@example.com'}"}
{"timestamp": "2025-09-18T17:35:10.190091+00:00", "level": "INFO", "logger": "app", "module": "rabbitmq", "line": 82, "message": "\u041e\u0442\u043f\u0440\u0430\u0432\u043b\u044f\u044e token \u0432 rabbitmq"}
{"timestamp": "2025-09-18T17:35:10.198993+00:00", "level": "INFO", "logger": "app", "module": "rabbitmq", "line": 89, "message": "\u041f\u043e\u043b\u0443\u0447\u0438\u043b\u0438 \u0432 \u0441\u0435\u0440\u0432\u0438\u0441\u0435 \u0441 \u0441\u043e\u043e\u0431\u0449\u0435\u043d\u0438\u044f\u043c\u0438:\n{'id': 1, 'firstname': 'vova', 'username': 'vova', 'email': 'user@example.com'}"}
{"timestamp": "2025-09-18T17:37:31.059598+00:00", "level": "INFO", "logger": "app", "module": "rabbitmq", "line": 82, "message": "\u041e\u0442\u043f\u0440\u0430\u0432\u043b\u044f\u044e token \u0432 rabbitmq"}
{"timestamp": "2025-09-18T17:37:31.066074+00:00", "level": "INFO", "logger": "app", "module": "rabbitmq", "line": 89, "message": "\u041f\u043e\u043b\u0443\u0447\u0438\u043b\u0438 \u0432 \u0441\u0435\u0440\u0432\u0438\u0441\u0435 \u0441 \u0441\u043e\u043e\u0431\u0449\u0435\u043d\u0438\u044f\u043c\u0438:\n{'id': 1, 'firstname': 'vova', 'username': 'vova', 'email': 'user@example.com'}"}
{"timestamp": "2025-09-18T17:42:14.970718+00:00", "level": "INFO", "logger": "app", "module": "rabbitmq", "line": 82, "message": "\u041e\u0442\u043f\u0440\u0430\u0432\u043b\u044f\u044e token \u0432 rabbitmq"}
{"timestamp": "2025-09-18T17:42:14.974525+00:00", "level": "INFO", "logger": "app", "module": "rabbitmq", "line": 89, "message": "\u041f\u043e\u043b\u0443\u0447\u0438\u043b\u0438 \u0432 \u0441\u0435\u0440\u0432\u0438\u0441\u0435 \u0441 \u0441\u043e\u043e\u0431\u0449\u0435\u043d\u0438\u044f\u043c\u0438:\n{'status_code': 401, 'detail': 'Access token has expired'}"}
{"timestamp": "2025-09-18T17:43:25.404261+00:00", "level": "INFO", "logger": "app", "module": "rabbitmq", "line": 82, "message": "\u041e\u0442\u043f\u0440\u0430\u0432\u043b\u044f\u044e token \u0432 rabbitmq"}
{"timestamp": "2025-09-18T17:43:25.412744+00:00", "level": "INFO", "logger": "app", "module": "rabbitmq", "line": 89, "message": "\u041f\u043e\u043b\u0443\u0447\u0438\u043b\u0438 \u0432 \u0441\u0435\u0440\u0432\u0438\u0441\u0435 \u0441 \u0441\u043e\u043e\u0431\u0449\u0435\u043d\u0438\u044f\u043c\u0438:\n{'id': 1, 'firstname': 'vova', 'username': 'vova', 'email': 'user@example.com'}"}
{"timestamp": "2025-09-18T17:45:23.521114+00:00", "level": "INFO", "logger": "app", "module": "rabbitmq", "line": 82, "message": "\u041e\u0442\u043f\u0440\u0430\u0432\u043b\u044f\u044e token \u0432 rabbitmq"}
{"timestamp": "2025-09-18T17:45:23.527214+00:00", "level": "INFO", "logger": "app", "module": "rabbitmq", "line": 89, "message": "\u041f\u043e\u043b\u0443\u0447\u0438\u043b\u0438 \u0432 \u0441\u0435\u0440\u0432\u0438\u0441\u0435 \u0441 \u0441\u043e\u043e\u0431\u0449\u0435\u043d\u0438\u044f\u043c\u0438:\n{'id': 1, 'firstname': 'vova', 'username': 'vova', 'email': 'user@example.com'}"}
{"timestamp": "2025-09-18T17:49:54.880402+00:00", "level": "INFO", "logger": "app", "module": "rabbitmq", "line": 82, "message": "\u041e\u0442\u043f\u0440\u0430\u0432\u043b\u044f\u044e token \u0432 rabbitmq"}
{"timestamp": "2025-09-18T17:49:54.887126+00:00", "level": "INFO", "logger": "app", "module": "rabbitmq", "line": 89, "message": "\u041f\u043e\u043b\u0443\u0447\u0438\u043b\u0438 \u0432 \u0441\u0435\u0440\u0432\u0438\u0441\u0435 \u0441 \u0441\u043e\u043e\u0431\u0449\u0435\u043d\u0438\u044f\u043c\u0438:\n{'id': 1, 'firstname': 'vova', 'username': 'vova', 'email': 'user@example.com'}"}
{"timestamp": "2025-09-18T18:19:28.834534+00:00", "level": "INFO", "logger": "app", "module": "rabbitmq", "line": 82, "message": "\u041e\u0442\u043f\u0440\u0430\u0432\u043b\u044f\u044e token \u0432 rabbitmq"}
{"timestamp": "2025-09-18T18:19:28.838965+00:00", "level": "INFO", "logger": "app", "module": "rabbitmq", "line": 89, "message": "\u041f\u043e\u043b\u0443\u0447\u0438\u043b\u0438 \u0432 \u0441\u0435\u0440\u0432\u0438\u0441\u0435 \u0441 \u0441\u043e\u043e\u0431\u0449\u0435\u043d\u0438\u044f\u043c\u0438:\n{'status_code': 401, 'detail': 'Access token has expired'}"}
{"timestamp": "2025-09-18T18:19:54.783183+00:00", "level": "INFO", "logger": "app", "module": "rabbitmq", "line": 82, "message": "\u041e\u0442\u043f\u0440\u0430\u0432\u043b\u044f\u044e token \u0432 rabbitmq"}
{"timestamp": "2025-09-18T18:19:54.792308+00:00", "level": "INFO", "logger": "app", "module": "rabbitmq", "line": 89, "message": "\u041f\u043e\u043b\u0443\u0447\u0438\u043b\u0438 \u0432 \u0441\u0435\u0440\u0432\u0438\u0441\u0435 \u0441 \u0441\u043e\u043e\u0431\u0449\u0435\u043d\u0438\u044f\u043c\u0438:\n{'id': 1, 'firstname': 'vova', 'username': 'vova', 'email': 'user@example.com'}"}
{"timestamp": "2025-09-18T18:20:39.041969+00:00", "level": "INFO", "logger": "app", "module": "rabbitmq", "line": 82, "message": "\u041e\u0442\u043f\u0440\u0430\u0432\u043b\u044f\u044e token \u0432 rabbitmq"}
{"timestamp": "2025-09-18T18:20:39.048397+00:00", "level": "INFO", "logger": "app", "module": "rabbitmq", "line": 89, "message": "\u041f\u043e\u043b\u0443\u0447\u0438\u043b\u0438 \u0432 \u0441\u0435\u0440\u0432\u0438\u0441\u0435 \u0441 \u0441\u043e\u043e\u0431\u0449\u0435\u043d\u0438\u044f\u043c\u0438:\n{'id': 1, 'firstname': 'vova', 'username': 'vova', 'email': 'user@example.com'}"}
{"timestamp": "2025-09-18T18:23:48.750177+00:00", "level": "INFO", "logger": "app", "module": "rabbitmq", "line": 82, "message": "\u041e\u0442\u043f\u0440\u0430\u0432\u043b\u044f\u044e token \u0432 rabbitmq"}
{"timestamp": "2025-09-18T18:23:48.761511+00:00", "level": "INFO", "logger": "app", "module": "rabbitmq", "line": 89, "message": "\u041f\u043e\u043b\u0443\u0447\u0438\u043b\u0438 \u0432 \u0441\u0435\u0440\u0432\u0438\u0441\u0435 \u0441 \u0441\u043e\u043e\u0431\u0449\u0435\u043d\u0438\u044f\u043c\u0438:\n{'id': 1, 'firstname': 'vova', 'username': 'vova', 'email': 'user@example.com'}"}
{"timestamp": "2025-09-18T18:25:33.066977+00:00", "level": "INFO", "logger": "app", "module": "rabbitmq", "line": 82, "message": "\u041e\u0442\u043f\u0440\u0430\u0432\u043b\u044f\u044e token \u0432 rabbitmq"}
{"timestamp": "2025-09-18T18:25:33.074008+00:00", "level": "INFO", "logger": "app", "module": "rabbitmq", "line": 89, "message": "\u041f\u043e\u043b\u0443\u0447\u0438\u043b\u0438 \u0432 \u0441\u0435\u0440\u0432\u0438\u0441\u0435 \u0441 \u0441\u043e\u043e\u0431\u0449\u0435\u043d\u0438\u044f\u043c\u0438:\n{'id': 1, 'firstname': 'vova', 'username': 'vova', 'email': 'user@example.com'}"}
{"timestamp": "2025-09-18T18:25:39.272435+00:00", "level": "INFO", "logger": "app", "module": "rabbitmq", "line": 82, "message": "\u041e\u0442\u043f\u0440\u0430\u0432\u043b\u044f\u044e token \u0432 rabbitmq"}
{"timestamp": "2025-09-18T18:25:39.283522+00:00", "level": "INFO", "logger": "app", "module": "rabbitmq", "line": 89, "message": "\u041f\u043e\u043b\u0443\u0447\u0438\u043b\u0438 \u0432 \u0441\u0435\u0440\u0432\u0438\u0441\u0435 \u0441 \u0441\u043e\u043e\u0431\u0449\u0435\u043d\u0438\u044f\u043c\u0438:\n{'id': 1, 'firstname': 'vova', 'username': 'vova', 'email': 'user@example.com'}"}
{"timestamp": "2025-09-18T18:28:32.414756+00:00", "level": "INFO", "logger": "app", "module": "rabbitmq", "line": 82, "message": "\u041e\u0442\u043f\u0440\u0430\u0432\u043b\u044f\u044e token \u0432 rabbitmq"}
{"timestamp": "2025-09-18T18:28:32.420626+00:00", "level": "INFO", "logger": "app", "module": "rabbitmq", "line": 89, "message": "\u041f\u043e\u043b\u0443\u0447\u0438\u043b\u0438 \u0432 \u0441\u0435\u0440\u0432\u0438\u0441\u0435 \u0441 \u0441\u043e\u043e\u0431\u0449\u0435\u043d\u0438\u044f\u043c\u0438:\n{'id': 1, 'firstname': 'vova', 'username': 'vova', 'email': 'user@example.com'}"}
{"timestamp": "2025-09-18T18:46:02.960254+00:00", "level": "INFO", "logger": "app", "module": "rabbitmq", "line": 82, "message": "\u041e\u0442\u043f\u0440\u0430\u0432\u043b\u044f\u044e token \u0432 rabbitmq"}
{"timestamp": "2025-09-18T18:46:02.965920+00:00", "level": "INFO", "logger": "app", "module": "rabbitmq", "line": 89, "message": "\u041f\u043e\u043b\u0443\u0447\u0438\u043b\u0438 \u0432 \u0441\u0435\u0440\u0432\u0438\u0441\u0435 \u0441 \u0441\u043e\u043e\u0431\u0449\u0435\u043d\u0438\u044f\u043c\u0438:\n{'status_code': 401, 'detail': 'Access token has expired'}"}
{"timestamp": "2025-09-18T18:46:22.050584+00:00", "level": "INFO", "logger": "app", "module": "rabbitmq", "line": 82, "message": "\u041e\u0442\u043f\u0440\u0430\u0432\u043b\u044f\u044e token \u0432 rabbitmq"}
{"timestamp": "2025-09-18T18:46:22.059527+00:00", "level": "INFO", "logger": "app", "module": "rabbitmq", "line": 89, "message": "\u041f\u043e\u043b\u0443\u0447\u0438\u043b\u0438 \u0432 \u0441\u0435\u0440\u0432\u0438\u0441\u0435 \u0441 \u0441\u043e\u043e\u0431\u0449\u0435\u043d\u0438\u044f\u043c\u0438:\n{'id': 1, 'firstname': 'vova', 'username': 'vova', 'email': 'user@example.com'}"}
{"timestamp": "2025-09-19T07:13:34.721403+00:00", "level": "INFO", "logger": "app", "module": "rabbitmq", "line": 82, "message": "\u041e\u0442\u043f\u0440\u0430\u0432\u043b\u044f\u044e token \u0432 rabbitmq"}
{"timestamp": "2025-09-19T07:13:34.735176+00:00", "level": "INFO", "logger": "app", "module": "rabbitmq", "line": 89, "message": "\u041f\u043e\u043b\u0443\u0447\u0438\u043b\u0438 \u0432 \u0441\u0435\u0440\u0432\u0438\u0441\u0435 \u0441 \u0441\u043e\u043e\u0431\u0449\u0435\u043d\u0438\u044f\u043c\u0438:\n{'id': 1, 'firstname': 'vova', 'username': 'vova', 'email': 'user@example.com'}"}
{"timestamp": "2025-09-19T07:15:18.701671+00:00", "level": "INFO", "logger": "app", "module": "rabbitmq", "line": 82, "message": "\u041e\u0442\u043f\u0440\u0430\u0432\u043b\u044f\u044e token \u0432 rabbitmq"}
{"timestamp": "2025-09-19T07:15:18.706850+00:00", "level": "INFO", "logger": "app", "module": "rabbitmq", "line": 89, "message": "\u041f\u043e\u043b\u0443\u0447\u0438\u043b\u0438 \u0432 \u0441\u0435\u0440\u0432\u0438\u0441\u0435 \u0441 \u0441\u043e\u043e\u0431\u0449\u0435\u043d\u0438\u044f\u043c\u0438:\n{'id': 1, 'firstname': 'vova', 'username': 'vova', 'email': 'user@example.com'}"}
{"timestamp": "2025-09-19T07:15:59.074783+00:00", "level": "INFO", "logger": "app", "module": "rabbitmq", "line": 82, "message": "\u041e\u0442\u043f\u0440\u0430\u0432\u043b\u044f\u044e token \u0432 rabbitmq"}
{"timestamp": "2025-09-19T07:15:59.082367+00:00", "level": "INFO", "logger": "app", "module": "rabbitmq", "line": 89, "message": "\u041f\u043e\u043b\u0443\u0447\u0438\u043b\u0438 \u0432 \u0441\u0435\u0440\u0432\u0438\u0441\u0435 \u0441 \u0441\u043e\u043e\u0431\u0449\u0435\u043d\u0438\u044f\u043c\u0438:\n{'id': 1, 'firstname': 'vova', 'username': 'vova', 'email': 'user@example.com'}"}
{"timestamp": "2025-09-19T07:16:14.816625+00:00", "level": "INFO", "logger": "app", "module": "rabbitmq", "line": 82, "message": "\u041e\u0442\u043f\u0440\u0430\u0432\u043b\u044f\u044e token \u0432 rabbitmq"}
{"timestamp": "2025-09-19T07:16:14.821423+00:00", "level": "INFO", "logger": "app", "module": "rabbitmq", "line": 89, "message": "\u041f\u043e\u043b\u0443\u0447\u0438\u043b\u0438 \u0432 \u0441\u0435\u0440\u0432\u0438\u0441\u0435 \u0441 \u0441\u043e\u043e\u0431\u0449\u0435\u043d\u0438\u044f\u043c\u0438:\n{'id': 1, 'firstname': 'vova', 'username': 'vova', 'email': 'user@example.com'}"}
{"timestamp": "2025-09-19T07:16:29.415387+00:00", "level": "INFO", "logger": "app", "module": "rabbitmq", "line": 82, "message": "\u041e\u0442\u043f\u0440\u0430\u0432\u043b\u044f\u044e token \u0432 rabbitmq"}
{"timestamp": "2025-09-19T07:16:29.420052+00:00", "level": "INFO", "logger": "app", "module": "rabbitmq", "line": 89, "message": "\u041f\u043e\u043b\u0443\u0447\u0438\u043b\u0438 \u0432 \u0441\u0435\u0440\u0432\u0438\u0441\u0435 \u0441 \u0441\u043e\u043e\u0431\u0449\u0435\u043d\u0438\u044f\u043c\u0438:\n{'id': 1, 'firstname': 'vova', 'username': 'vova', 'email': 'user@example.com'}"}
{"timestamp": "2025-09-19T07:17:46.952585+00:00", "level": "INFO", "logger": "app", "module": "rabbitmq", "line": 82, "message": "\u041e\u0442\u043f\u0440\u0430\u0432\u043b\u044f\u044e token \u0432 rabbitmq"}
{"timestamp": "2025-09-19T07:17:46.957260+00:00", "level": "INFO", "logger": "app", "module": "rabbitmq", "line": 89, "message": "\u041f\u043e\u043b\u0443\u0447\u0438\u043b\u0438 \u0432 \u0441\u0435\u0440\u0432\u0438\u0441\u0435 \u0441 \u0441\u043e\u043e\u0431\u0449\u0435\u043d\u0438\u044f\u043c\u0438:\n{'id': 1, 'firstname': 'vova', 'username': 'vova', 'email': 'user@example.com'}"}
{"timestamp": "2025-09-19T07:18:14.373994+00:00", "level": "INFO", "logger": "app", "module": "rabbitmq", "line": 82, "message": "\u041e\u0442\u043f\u0440\u0430\u0432\u043b\u044f\u044e token \u0432 rabbitmq"}
{"timestamp": "2025-09-19T07:18:14.378763+00:00", "level": "INFO", "logger": "app", "module": "rabbitmq", "line": 89, "message": "\u041f\u043e\u043b\u0443\u0447\u0438\u043b\u0438 \u0432 \u0441\u0435\u0440\u0432\u0438\u0441\u0435 \u0441 \u0441\u043e\u043e\u0431\u0449\u0435\u043d\u0438\u044f\u043c\u0438:\n{'id': 1, 'firstname': 'vova', 'username': 'vova', 'email': 'user@example.com'}"}
{"timestamp": "2025-09-19T07:18:47.243933+00:00", "level": "INFO", "logger": "app", "module": "rabbitmq", "line": 82, "message": "\u041e\u0442\u043f\u0440\u0430\u0432\u043b\u044f\u044e token \u0432 rabbitmq"}
{"timestamp": "2025-09-19T07:18:47.248950+00:00", "level": "INFO", "logger": "app", "module": "rabbitmq", "line": 89, "message": "\u041f\u043e\u043b\u0443\u0447\u0438\u043b\u0438 \u0432 \u0441\u0435\u0440\u0432\u0438\u0441\u0435 \u0441 \u0441\u043e\u043e\u0431\u0449\u0435\u043d\u0438\u044f\u043c\u0438:\n{'id': 1, 'firstname': 'vova', 'username': 'vova', 'email': 'user@example.com'}"}
{"timestamp": "2025-09-19T07:21:21.050780+00:00", "level": "INFO", "logger": "app", "module": "rabbitmq", "line": 82, "message": "\u041e\u0442\u043f\u0440\u0430\u0432\u043b\u044f\u044e token \u0432 rabbitmq"}
{"timestamp": "2025-09-19T07:21:21.054906+00:00", "level": "INFO", "logger": "app", "module": "rabbitmq", "line": 89, "message": "\u041f\u043e\u043b\u0443\u0447\u0438\u043b\u0438 \u0432 \u0441\u0435\u0440\u0432\u0438\u0441\u0435 \u0441 \u0441\u043e\u043e\u0431\u0449\u0435\u043d\u0438\u044f\u043c\u0438:\n{'id': 1, 'firstname': 'vova', 'username': 'vova', 'email': 'user@example.com'}"}
{"timestamp": "2025-09-19T07:22:00.694201+00:00", "level": "INFO", "logger": "app", "module": "rabbitmq", "line": 82, "message": "\u041e\u0442\u043f\u0440\u0430\u0432\u043b\u044f\u044e token \u0432 rabbitmq"}
{"timestamp": "2025-09-19T07:22:00.699066+00:00", "level": "INFO", "logger": "app", "module": "rabbitmq", "line": 89, "message": "\u041f\u043e\u043b\u0443\u0447\u0438\u043b\u0438 \u0432 \u0441\u0435\u0440\u0432\u0438\u0441\u0435 \u0441 \u0441\u043e\u043e\u0431\u0449\u0435\u043d\u0438\u044f\u043c\u0438:\n{'id': 1, 'firstname': 'vova', 'username': 'vova', 'email': 'user@example.com'}"}
{"timestamp": "2025-09-19T07:22:27.840177+00:00", "level": "INFO", "logger": "app", "module": "rabbitmq", "line": 82, "message": "\u041e\u0442\u043f\u0440\u0430\u0432\u043b\u044f\u044e token \u0432 rabbitmq"}
{"timestamp": "2025-09-19T07:22:27.845486+00:00", "level": "INFO", "logger": "app", "module": "rabbitmq", "line": 89, "message": "\u041f\u043e\u043b\u0443\u0447\u0438\u043b\u0438 \u0432 \u0441\u0435\u0440\u0432\u0438\u0441\u0435 \u0441 \u0441\u043e\u043e\u0431\u0449\u0435\u043d\u0438\u044f\u043c\u0438:\n{'id': 1, 'firstname': 'vova', 'username': 'vova', 'email': 'user@example.com'}"}
{"timestamp": "2025-09-19T07:29:36.806316+00:00", "level": "INFO", "logger": "app", "module": "rabbitmq", "line": 82, "message": "\u041e\u0442\u043f\u0440\u0430\u0432\u043b\u044f\u044e token \u0432 rabbitmq"}
{"timestamp": "2025-09-19T07:29:36.809549+00:00", "level": "INFO", "logger": "app", "module": "rabbitmq", "line": 89, "message": "\u041f\u043e\u043b\u0443\u0447\u0438\u043b\u0438 \u0432 \u0441\u0435\u0440\u0432\u0438\u0441\u0435 \u0441 \u0441\u043e\u043e\u0431\u0449\u0435\u043d\u0438\u044f\u043c\u0438:\n{'status_code': 401, 'detail': 'Access token has expired'}"}
{"timestamp": "2025-09-19T07:29:59.539082+00:00", "level": "INFO", "logger": "app", "module": "rabbitmq", "line": 82, "message": "\u041e\u0442\u043f\u0440\u0430\u0432\u043b\u044f\u044e token \u0432 rabbitmq"}
{"timestamp": "2025-09-19T07:29:59.543943+00:00", "level": "INFO", "logger": "app", "module": "rabbitmq", "line": 89, "message": "\u041f\u043e\u043b\u0443\u0447\u0438\u043b\u0438 \u0432 \u0441\u0435\u0440\u0432\u0438\u0441\u0435 \u0441 \u0441\u043e\u043e\u0431\u0449\u0435\u043d\u0438\u044f\u043c\u0438:\n{'id': 1, 'firstname': 'vova', 'username': 'vova', 'email': 'user@example.com'}"}
{"timestamp": "2025-09-19T07:30:48.757687+00:00", "level": "INFO", "logger": "app", "module": "rabbitmq", "line": 82, "message": "\u041e\u0442\u043f\u0440\u0430\u0432\u043b\u044f\u044e token \u0432 rabbitmq"}
{"timestamp": "2025-09-19T07:30:48.762421+00:00", "level": "INFO", "logger": "app", "module": "rabbitmq", "line": 89, "message": "\u041f\u043e\u043b\u0443\u0447\u0438\u043b\u0438 \u0432 \u0441\u0435\u0440\u0432\u0438\u0441\u0435 \u0441 \u0441\u043e\u043e\u0431\u0449\u0435\u043d\u0438\u044f\u043c\u0438:\n{'id': 1, 'firstname': 'vova', 'username': 'vova', 'email': 'user@example.com'}"}
{"timestamp": "2025-09-19T07:32:16.773138+00:00", "level": "INFO", "logger": "app", "module": "rabbitmq", "line": 82, "message": "\u041e\u0442\u043f\u0440\u0430\u0432\u043b\u044f\u044e token \u0432 rabbitmq"}
{"timestamp": "2025-09-19T07:32:16.776784+00:00", "level": "INFO", "logger": "app", "module": "rabbitmq", "line": 89, "message": "\u041f\u043e\u043b\u0443\u0447\u0438\u043b\u0438 \u0432 \u0441\u0435\u0440\u0432\u0438\u0441\u0435 \u0441 \u0441\u043e\u043e\u0431\u0449\u0435\u043d\u0438\u044f\u043c\u0438:\n{'id': 1, 'firstname': 'vova', 'username': 'vova', 'email': 'user@example.com'}"}
{"timestamp": "2025-09-19T08:05:14.363469+00:00", "level": "INFO", "logger": "app", "module": "rabbitmq", "line": 82, "message": "\u041e\u0442\u043f\u0440\u0430\u0432\u043b\u044f\u044e token \u0432 rabbitmq"}
{"timestamp": "2025-09-19T08:05:14.369189+00:00", "level": "INFO", "logger": "app", "module": "rabbitmq", "line": 89, "message": "\u041f\u043e\u043b\u0443\u0447\u0438\u043b\u0438 \u0432 \u0441\u0435\u0440\u0432\u0438\u0441\u0435 \u0441 \u0441\u043e\u043e\u0431\u0449\u0435\u043d\u0438\u044f\u043c\u0438:\n{'id': 1, 'firstname': 'vova', 'username': 'vova', 'email': 'user@example.com'}"}
{"timestamp": "2025-09-19T08:09:17.482736+00:00", "level": "INFO", "logger": "app", "module": "rabbitmq", "line": 82, "message": "\u041e\u0442\u043f\u0440\u0430\u0432\u043b\u044f\u044e token \u0432 rabbitmq"}
{"timestamp": "2025-09-19T08:09:17.492109+00:00", "level": "INFO", "logger": "app", "module": "rabbitmq", "line": 89, "message": "\u041f\u043e\u043b\u0443\u0447\u0438\u043b\u0438 \u0432 \u0441\u0435\u0440\u0432\u0438\u0441\u0435 \u0441 \u0441\u043e\u043e\u0431\u0449\u0435\u043d\u0438\u044f\u043c\u0438:\n{'id': 1, 'firstname': 'vova', 'username': 'vova', 'email': 'user@example.com'}"}
{"timestamp": "2025-09-19T08:17:48.423727+00:00", "level": "INFO", "logger": "app", "module": "rabbitmq", "line": 82, "message": "\u041e\u0442\u043f\u0440\u0430\u0432\u043b\u044f\u044e token \u0432 rabbitmq"}
{"timestamp": "2025-09-19T08:17:48.437227+00:00", "level": "INFO", "logger": "app", "module": "rabbitmq", "line": 89, "message": "\u041f\u043e\u043b\u0443\u0447\u0438\u043b\u0438 \u0432 \u0441\u0435\u0440\u0432\u0438\u0441\u0435 \u0441 \u0441\u043e\u043e\u0431\u0449\u0435\u043d\u0438\u044f\u043c\u0438:\n{'id': 1, 'firstname': 'vova', 'username': 'vova', 'email': 'user@example.com'}"}
{"timestamp": "2025-09-19T08:18:18.512481+00:00", "level": "INFO", "logger": "app", "module": "rabbitmq", "line": 82, "message": "\u041e\u0442\u043f\u0440\u0430\u0432\u043b\u044f\u044e token \u0432 rabbitmq"}
{"timestamp": "2025-09-19T08:18:18.517228+00:00", "level": "INFO", "logger": "app", "module": "rabbitmq", "line": 89, "message": "\u041f\u043e\u043b\u0443\u0447\u0438\u043b\u0438 \u0432 \u0441\u0435\u0440\u0432\u0438\u0441\u0435 \u0441 \u0441\u043e\u043e\u0431\u0449\u0435\u043d\u0438\u044f\u043c\u0438:\n{'id': 1, 'firstname': 'vova', 'username': 'vova', 'email': 'user@example.com'}"}
{"timestamp": "2025-09-19T08:19:08.841220+00:00", "level": "INFO", "logger": "app", "module": "rabbitmq", "line": 82, "message": "\u041e\u0442\u043f\u0440\u0430\u0432\u043b\u044f\u044e token \u0432 rabbitmq"}
{"timestamp": "2025-09-19T08:19:08.850570+00:00", "level": "INFO", "logger": "app", "module": "rabbitmq", "line": 89, "message": "\u041f\u043e\u043b\u0443\u0447\u0438\u043b\u0438 \u0432 \u0441\u0435\u0440\u0432\u0438\u0441\u0435 \u0441 \u0441\u043e\u043e\u0431\u0449\u0435\u043d\u0438\u044f\u043c\u0438:\n{'id': 1, 'firstname': 'vova', 'username': 'vova', 'email': 'user@example.com'}"}
{"timestamp": "2025-09-19T08:19:10.898003+00:00", "level": "INFO", "logger": "app", "module": "rabbitmq", "line": 82, "message": "\u041e\u0442\u043f\u0440\u0430\u0432\u043b\u044f\u044e token \u0432 rabbitmq"}
{"timestamp": "2025-09-19T08:19:10.914533+00:00", "level": "INFO", "logger": "app", "module": "rabbitmq", "line": 89, "message": "\u041f\u043e\u043b\u0443\u0447\u0438\u043b\u0438 \u0432 \u0441\u0435\u0440\u0432\u0438\u0441\u0435 \u0441 \u0441\u043e\u043e\u0431\u0449\u0435\u043d\u0438\u044f\u043c\u0438:\n{'id': 1, 'firstname': 'vova', 'username': 'vova', 'email': 'user@example.com'}"}
{"timestamp": "2025-09-19T08:19:36.633306+00:00", "level": "INFO", "logger": "app", "module": "rabbitmq", "line": 82, "message": "\u041e\u0442\u043f\u0440\u0430\u0432\u043b\u044f\u044e token \u0432 rabbitmq"}
{"timestamp": "2025-09-19T08:19:36.647129+00:00", "level": "INFO", "logger": "app", "module": "rabbitmq", "line": 89, "message": "\u041f\u043e\u043b\u0443\u0447\u0438\u043b\u0438 \u0432 \u0441\u0435\u0440\u0432\u0438\u0441\u0435 \u0441 \u0441\u043e\u043e\u0431\u0449\u0435\u043d\u0438\u044f\u043c\u0438:\n{'id': 1, 'firstname': 'vova', 'username': 'vova', 'email': 'user@example.com'}"}
{"timestamp": "2025-09-19T08:20:27.318031+00:00", "level": "INFO", "logger": "app", "module": "rabbitmq", "line": 82, "message": "\u041e\u0442\u043f\u0440\u0430\u0432\u043b\u044f\u044e token \u0432 rabbitmq"}
{"timestamp": "2025-09-19T08:20:27.331787+00:00", "level": "INFO", "logger": "app", "module": "rabbitmq", "line": 89, "message": "\u041f\u043e\u043b\u0443\u0447\u0438\u043b\u0438 \u0432 \u0441\u0435\u0440\u0432\u0438\u0441\u0435 \u0441 \u0441\u043e\u043e\u0431\u0449\u0435\u043d\u0438\u044f\u043c\u0438:\n{'id': 1, 'firstname': 'vova', 'username': 'vova', 'email': 'user@example.com'}"}
{"timestamp": "2025-09-19T08:22:28.197393+00:00", "level": "INFO", "logger": "app", "module": "rabbitmq", "line": 82, "message": "\u041e\u0442\u043f\u0440\u0430\u0432\u043b\u044f\u044e token \u0432 rabbitmq"}
{"timestamp": "2025-09-19T08:22:28.206933+00:00", "level": "INFO", "logger": "app", "module": "rabbitmq", "line": 89, "message": "\u041f\u043e\u043b\u0443\u0447\u0438\u043b\u0438 \u0432 \u0441\u0435\u0440\u0432\u0438\u0441\u0435 \u0441 \u0441\u043e\u043e\u0431\u0449\u0435\u043d\u0438\u044f\u043c\u0438:\n{'id': 1, 'firstname': 'vova', 'username': 'vova', 'email': 'user@example.com'}"}
{"timestamp": "2025-09-19T08:24:19.266901+00:00", "level": "INFO", "logger": "app", "module": "rabbitmq", "line": 82, "message": "\u041e\u0442\u043f\u0440\u0430\u0432\u043b\u044f\u044e token \u0432 rabbitmq"}
{"timestamp": "2025-09-19T08:24:19.276172+00:00", "level": "INFO", "logger": "app", "module": "rabbitmq", "line": 89, "message": "\u041f\u043e\u043b\u0443\u0447\u0438\u043b\u0438 \u0432 \u0441\u0435\u0440\u0432\u0438\u0441\u0435 \u0441 \u0441\u043e\u043e\u0431\u0449\u0435\u043d\u0438\u044f\u043c\u0438:\n{'id': 1, 'firstname': 'vova', 'username': 'vova', 'email': 'user@example.com'}"}
{"timestamp": "2025-09-19T08:24:27.238007+00:00", "level": "INFO", "logger": "app", "module": "rabbitmq", "line": 82, "message": "\u041e\u0442\u043f\u0440\u0430\u0432\u043b\u044f\u044e token \u0432 rabbitmq"}
{"timestamp": "2025-09-19T08:24:27.252240+00:00", "level": "INFO", "logger": "app", "module": "rabbitmq", "line": 89, "message": "\u041f\u043e\u043b\u0443\u0447\u0438\u043b\u0438 \u0432 \u0441\u0435\u0440\u0432\u0438\u0441\u0435 \u0441 \u0441\u043e\u043e\u0431\u0449\u0435\u043d\u0438\u044f\u043c\u0438:\n{'id': 1, 'firstname': 'vova', 'username': 'vova', 'email': 'user@example.com'}"}
{"timestamp": "2025-09-19T08:27:39.603628+00:00", "level": "INFO", "logger": "app", "module": "rabbitmq", "line": 82, "message": "\u041e\u0442\u043f\u0440\u0430\u0432\u043b\u044f\u044e token \u0432 rabbitmq"}
{"timestamp": "2025-09-19T08:27:39.612016+00:00", "level": "INFO", "logger": "app", "module": "rabbitmq", "line": 89, "message": "\u041f\u043e\u043b\u0443\u0447\u0438\u043b\u0438 \u0432 \u0441\u0435\u0440\u0432\u0438\u0441\u0435 \u0441 \u0441\u043e\u043e\u0431\u0449\u0435\u043d\u0438\u044f\u043c\u0438:\n{'id': 1, 'firstname': 'vova', 'username': 'vova', 'email': 'user@example.com'}"}
{"timestamp": "2025-09-19T08:27:54.206410+00:00", "level": "INFO", "logger": "app", "module": "rabbitmq", "line": 82, "message": "\u041e\u0442\u043f\u0440\u0430\u0432\u043b\u044f\u044e token \u0432 rabbitmq"}
{"timestamp": "2025-09-19T08:27:54.215257+00:00", "level": "INFO", "logger": "app", "module": "rabbitmq", "line": 89, "message": "\u041f\u043e\u043b\u0443\u0447\u0438\u043b\u0438 \u0432 \u0441\u0435\u0440\u0432\u0438\u0441\u0435 \u0441 \u0441\u043e\u043e\u0431\u0449\u0435\u043d\u0438\u044f\u043c\u0438:\n{'id': 1, 'firstname': 'vova', 'username': 'vova', 'email': 'user@example.com'}"}
