{"timestamp": "2025-09-17T18:36:40.081142+00:00", "level": "INFO", "logger": "app", "module": "rabbitmq_worker", "line": 55, "message": "\u0417\u0430\u043f\u0443\u0441\u0442\u0438\u043b consumer"}
{"timestamp": "2025-09-17T18:36:49.571148+00:00", "level": "INFO", "logger": "app", "module": "rabbitmq_worker", "line": 55, "message": "\u041f\u0440\u043e\u0431\u0443\u044e \u0437\u0430\u043f\u0443\u0441\u0442\u0438\u0442\u044c consumer"}
{"timestamp": "2025-09-17T18:37:57.857233+00:00", "level": "INFO", "logger": "app", "module": "rabbitmq_worker", "line": 55, "message": "\u041f\u0440\u043e\u0431\u0443\u044e \u0437\u0430\u043f\u0443\u0441\u0442\u0438\u0442\u044c consumer"}
{"timestamp": "2025-09-17T18:39:31.813468+00:00", "level": "INFO", "logger": "app", "module": "rabbitmq_worker", "line": 55, "message": "\u041f\u0440\u043e\u0431\u0443\u044e \u0437\u0430\u043f\u0443\u0441\u0442\u0438\u0442\u044c consumer"}
{"timestamp": "2025-09-17T18:39:31.827143+00:00", "level": "INFO", "logger": "app", "module": "rabbitmq_worker", "line": 58, "message": "\u041f\u0440\u043e\u0431\u0443\u044e \u0441\u043e\u0437\u0434\u0430\u0442\u044c connect"}
{"timestamp": "2025-09-17T18:39:49.572222+00:00", "level": "INFO", "logger": "app", "module": "rabbitmq_worker", "line": 55, "message": "\u041f\u0440\u043e\u0431\u0443\u044e \u0437\u0430\u043f\u0443\u0441\u0442\u0438\u0442\u044c consumer"}
{"timestamp": "2025-09-17T18:39:49.578412+00:00", "level": "INFO", "logger": "app", "module": "rabbitmq_worker", "line": 58, "message": "\u041f\u0440\u043e\u0431\u0443\u044e \u0441\u043e\u0437\u0434\u0430\u0442\u044c connect"}
{"timestamp": "2025-09-17T18:39:52.782236+00:00", "level": "INFO", "logger": "app", "module": "rabbitmq_worker", "line": 55, "message": "\u041f\u0440\u043e\u0431\u0443\u044e \u0437\u0430\u043f\u0443\u0441\u0442\u0438\u0442\u044c consumer"}
{"timestamp": "2025-09-17T18:39:52.788307+00:00", "level": "INFO", "logger": "app", "module": "rabbitmq_worker", "line": 58, "message": "\u041f\u0440\u043e\u0431\u0443\u044e \u0441\u043e\u0437\u0434\u0430\u0442\u044c connect"}
{"timestamp": "2025-09-17T18:40:37.741301+00:00", "level": "INFO", "logger": "app", "module": "rabbitmq_worker", "line": 55, "message": "\u041f\u0440\u043e\u0431\u0443\u044e \u0437\u0430\u043f\u0443\u0441\u0442\u0438\u0442\u044c consumer"}
{"timestamp": "2025-09-17T18:40:37.747301+00:00", "level": "INFO", "logger": "app", "module": "rabbitmq_worker", "line": 58, "message": "\u041f\u0440\u043e\u0431\u0443\u044e \u0441\u043e\u0437\u0434\u0430\u0442\u044c connect"}
{"timestamp": "2025-09-17T18:40:37.752352+00:00", "level": "INFO", "logger": "app", "module": "rabbitmq_worker", "line": 70, "message": "\u0417\u0430\u043f\u0443\u0441\u0442\u0438\u043b \u043a\u043e\u043d\u0441\u044c\u044e\u043c\u0435\u0440\u0430"}
{"timestamp": "2025-09-17T18:43:42.300430+00:00", "level": "INFO", "logger": "app", "module": "rabbitmq_worker", "line": 55, "message": "\u041f\u0440\u043e\u0431\u0443\u044e \u0437\u0430\u043f\u0443\u0441\u0442\u0438\u0442\u044c consumer"}
{"timestamp": "2025-09-17T18:43:42.315323+00:00", "level": "INFO", "logger": "app", "module": "rabbitmq_worker", "line": 58, "message": "\u041f\u0440\u043e\u0431\u0443\u044e \u0441\u043e\u0437\u0434\u0430\u0442\u044c connect"}
{"timestamp": "2025-09-17T18:43:42.324528+00:00", "level": "INFO", "logger": "app", "module": "rabbitmq_worker", "line": 70, "message": "\u0417\u0430\u043f\u0443\u0441\u0442\u0438\u043b \u043a\u043e\u043d\u0441\u044c\u044e\u043c\u0435\u0440\u0430"}
{"timestamp": "2025-09-17T18:43:51.361690+00:00", "level": "INFO", "logger": "app", "module": "rabbitmq_worker", "line": 19, "message": "\u041f\u0440\u0438\u0448\u0435\u043b \u0432 \u0444\u0443\u043d\u043a\u0446\u0438\u044e \u0434\u043b\u044f \u043e\u0431\u0440\u0430\u0431\u043e\u0442\u043a\u0438 jwt"}
{"timestamp": "2025-09-17T18:44:26.401850+00:00", "level": "INFO", "logger": "app", "module": "rabbitmq_worker", "line": 54, "message": "\u041f\u0440\u043e\u0431\u0443\u044e \u0437\u0430\u043f\u0443\u0441\u0442\u0438\u0442\u044c consumer"}
{"timestamp": "2025-09-17T18:44:26.407932+00:00", "level": "INFO", "logger": "app", "module": "rabbitmq_worker", "line": 57, "message": "\u041f\u0440\u043e\u0431\u0443\u044e \u0441\u043e\u0437\u0434\u0430\u0442\u044c connect"}
{"timestamp": "2025-09-17T18:44:26.411919+00:00", "level": "INFO", "logger": "app", "module": "rabbitmq_worker", "line": 69, "message": "\u0417\u0430\u043f\u0443\u0441\u0442\u0438\u043b \u043a\u043e\u043d\u0441\u044c\u044e\u043c\u0435\u0440\u0430"}
{"timestamp": "2025-09-17T18:44:33.768958+00:00", "level": "INFO", "logger": "app", "module": "rabbitmq_worker", "line": 19, "message": "\u041f\u0440\u0438\u0448\u0435\u043b \u0432 \u0444\u0443\u043d\u043a\u0446\u0438\u044e \u0434\u043b\u044f \u043e\u0431\u0440\u0430\u0431\u043e\u0442\u043a\u0438 jwt"}
{"timestamp": "2025-09-17T18:48:07.141827+00:00", "level": "INFO", "logger": "app", "module": "rabbitmq_worker", "line": 54, "message": "\u041f\u0440\u043e\u0431\u0443\u044e \u0437\u0430\u043f\u0443\u0441\u0442\u0438\u0442\u044c consumer"}
{"timestamp": "2025-09-17T18:48:07.151222+00:00", "level": "INFO", "logger": "app", "module": "rabbitmq_worker", "line": 57, "message": "\u041f\u0440\u043e\u0431\u0443\u044e \u0441\u043e\u0437\u0434\u0430\u0442\u044c connect"}
{"timestamp": "2025-09-17T18:48:07.157502+00:00", "level": "INFO", "logger": "app", "module": "rabbitmq_worker", "line": 69, "message": "\u0417\u0430\u043f\u0443\u0441\u0442\u0438\u043b \u043a\u043e\u043d\u0441\u044c\u044e\u043c\u0435\u0440\u0430"}
{"timestamp": "2025-09-17T18:49:27.734483+00:00", "level": "INFO", "logger": "app", "module": "rabbitmq_worker", "line": 19, "message": "\u041f\u0440\u0438\u0448\u0435\u043b \u0432 \u0444\u0443\u043d\u043a\u0446\u0438\u044e \u0434\u043b\u044f \u043e\u0431\u0440\u0430\u0431\u043e\u0442\u043a\u0438 jwt"}
{"timestamp": "2025-09-17T18:50:21.774053+00:00", "level": "INFO", "logger": "app", "module": "rabbitmq_worker", "line": 45, "message": "\u041f\u0440\u043e\u0431\u0443\u044e \u0437\u0430\u043f\u0443\u0441\u0442\u0438\u0442\u044c consumer"}
{"timestamp": "2025-09-17T18:50:21.780146+00:00", "level": "INFO", "logger": "app", "module": "rabbitmq_worker", "line": 48, "message": "\u041f\u0440\u043e\u0431\u0443\u044e \u0441\u043e\u0437\u0434\u0430\u0442\u044c connect"}
{"timestamp": "2025-09-17T18:50:21.784113+00:00", "level": "INFO", "logger": "app", "module": "rabbitmq_worker", "line": 60, "message": "\u0417\u0430\u043f\u0443\u0441\u0442\u0438\u043b \u043a\u043e\u043d\u0441\u044c\u044e\u043c\u0435\u0440\u0430"}
{"timestamp": "2025-09-17T18:52:04.930430+00:00", "level": "INFO", "logger": "app", "module": "rabbitmq_worker", "line": 45, "message": "\u041f\u0440\u043e\u0431\u0443\u044e \u0437\u0430\u043f\u0443\u0441\u0442\u0438\u0442\u044c consumer"}
{"timestamp": "2025-09-17T18:52:04.936713+00:00", "level": "INFO", "logger": "app", "module": "rabbitmq_worker", "line": 48, "message": "\u041f\u0440\u043e\u0431\u0443\u044e \u0441\u043e\u0437\u0434\u0430\u0442\u044c connect"}
{"timestamp": "2025-09-17T18:52:04.941696+00:00", "level": "INFO", "logger": "app", "module": "rabbitmq_worker", "line": 60, "message": "\u0417\u0430\u043f\u0443\u0441\u0442\u0438\u043b \u043a\u043e\u043d\u0441\u044c\u044e\u043c\u0435\u0440\u0430"}
{"timestamp": "2025-09-17T18:52:04.941937+00:00", "level": "INFO", "logger": "app", "module": "rabbitmq_worker", "line": 19, "message": "\u041f\u0440\u0438\u0448\u0435\u043b \u0432 \u0444\u0443\u043d\u043a\u0446\u0438\u044e \u0434\u043b\u044f \u043e\u0431\u0440\u0430\u0431\u043e\u0442\u043a\u0438 jwt"}
{"timestamp": "2025-09-17T18:56:17.249371+00:00", "level": "INFO", "logger": "app", "module": "rabbitmq_worker", "line": 46, "message": "\u041f\u0440\u043e\u0431\u0443\u044e \u0437\u0430\u043f\u0443\u0441\u0442\u0438\u0442\u044c consumer"}
{"timestamp": "2025-09-17T18:56:17.257998+00:00", "level": "INFO", "logger": "app", "module": "rabbitmq_worker", "line": 49, "message": "\u041f\u0440\u043e\u0431\u0443\u044e \u0441\u043e\u0437\u0434\u0430\u0442\u044c connect"}
{"timestamp": "2025-09-17T18:56:17.264071+00:00", "level": "INFO", "logger": "app", "module": "rabbitmq_worker", "line": 61, "message": "\u0417\u0430\u043f\u0443\u0441\u0442\u0438\u043b \u043a\u043e\u043d\u0441\u044c\u044e\u043c\u0435\u0440\u0430"}
